<?xml version="1.0" encoding="UTF-8"?>
<testng-results skipped="0" failed="1" total="2" passed="1">
  <reporter-output>
  </reporter-output>
  <suite name="Surefire suite" duration-ms="23" started-at="2018-07-15T03:23:11Z" finished-at="2018-07-15T03:23:11Z">
    <groups>
      <group name="product">
        <method signature="CreateProductTest.testCreateProducts([Lcom.ds.jshopping.model.Product;)[pri:0, instance:com.ds.jshopping.product.CreateProductTest@dfd3711]" name="testCreateProducts" class="com.ds.jshopping.product.CreateProductTest"/>
      </group> <!-- product -->
    </groups>
    <test name="Surefire test" duration-ms="23" started-at="2018-07-15T03:23:11Z" finished-at="2018-07-15T03:23:11Z">
      <class name="com.ds.jshopping.JShoppingTests">
        <test-method status="PASS" signature="contextLoads()[pri:0, instance:com.ds.jshopping.JShoppingTests@22f71333]" name="contextLoads" duration-ms="5" started-at="2018-07-14T20:23:11Z" finished-at="2018-07-14T20:23:11Z">
          <reporter-output>
          </reporter-output>
        </test-method> <!-- contextLoads -->
      </class> <!-- com.ds.jshopping.JShoppingTests -->
      <class name="com.ds.jshopping.product.CreateProductTest">
        <test-method status="FAIL" signature="testCreateProducts([Lcom.ds.jshopping.model.Product;)[pri:0, instance:com.ds.jshopping.product.CreateProductTest@dfd3711]" name="testCreateProducts" duration-ms="0" started-at="2018-07-14T20:23:11Z" data-provider="createProduct" finished-at="2018-07-14T20:23:11Z">
          <exception class="java.lang.RuntimeException">
            <message>
              <![CDATA[java.lang.ClassCastException: [Ljava.lang.Object; cannot be cast to [Lcom.ds.jshopping.model.Product;]]>
            </message>
            <full-stacktrace>
              <![CDATA[java.lang.RuntimeException: java.lang.ClassCastException: [Ljava.lang.Object; cannot be cast to [Lcom.ds.jshopping.model.Product;
	at org.testng.internal.MethodInvocationHelper.invokeDataProvider(MethodInvocationHelper.java:143)
	at org.testng.internal.Parameters.handleParameters(Parameters.java:426)
	at org.testng.internal.Invoker.handleParameters(Invoker.java:1383)
	at org.testng.internal.Invoker.createParameters(Invoker.java:1075)
	at org.testng.internal.Invoker.invokeTestMethods(Invoker.java:1180)
	at org.testng.internal.TestMethodWorker.invokeTestMethods(TestMethodWorker.java:127)
	at org.testng.internal.TestMethodWorker.run(TestMethodWorker.java:111)
	at org.testng.TestRunner.privateRun(TestRunner.java:767)
	at org.testng.TestRunner.run(TestRunner.java:617)
	at org.testng.SuiteRunner.runTest(SuiteRunner.java:334)
	at org.testng.SuiteRunner.runSequentially(SuiteRunner.java:329)
	at org.testng.SuiteRunner.privateRun(SuiteRunner.java:291)
	at org.testng.SuiteRunner.run(SuiteRunner.java:240)
	at org.testng.SuiteRunnerWorker.runSuite(SuiteRunnerWorker.java:52)
	at org.testng.SuiteRunnerWorker.run(SuiteRunnerWorker.java:86)
	at org.testng.TestNG.runSuitesSequentially(TestNG.java:1198)
	at org.testng.TestNG.runSuitesLocally(TestNG.java:1123)
	at org.testng.TestNG.run(TestNG.java:1031)
	at org.apache.maven.surefire.testng.TestNGExecutor.run(TestNGExecutor.java:115)
	at org.apache.maven.surefire.testng.TestNGDirectoryTestSuite.executeMulti(TestNGDirectoryTestSuite.java:205)
	at org.apache.maven.surefire.testng.TestNGDirectoryTestSuite.execute(TestNGDirectoryTestSuite.java:108)
	at org.apache.maven.surefire.testng.TestNGProvider.invoke(TestNGProvider.java:111)
	at org.apache.maven.surefire.booter.ForkedBooter.invokeProviderInSameClassLoader(ForkedBooter.java:203)
	at org.apache.maven.surefire.booter.ForkedBooter.runSuitesInProcess(ForkedBooter.java:155)
	at org.apache.maven.surefire.booter.ForkedBooter.main(ForkedBooter.java:103)
Caused by: java.lang.ClassCastException: [Ljava.lang.Object; cannot be cast to [Lcom.ds.jshopping.model.Product;
	at com.ds.jshopping.util.TestDataProvider.getProductsFromFile(TestDataProvider.java:54)
	at com.ds.jshopping.util.TestDataProvider.getCreateProductData(TestDataProvider.java:18)
	at sun.reflect.NativeMethodAccessorImpl.invoke0(Native Method)
	at sun.reflect.NativeMethodAccessorImpl.invoke(NativeMethodAccessorImpl.java:62)
	at sun.reflect.DelegatingMethodAccessorImpl.invoke(DelegatingMethodAccessorImpl.java:43)
	at java.lang.reflect.Method.invoke(Method.java:498)
	at org.testng.internal.MethodInvocationHelper.invokeMethod(MethodInvocationHelper.java:80)
	at org.testng.internal.MethodInvocationHelper.invokeDataProvider(MethodInvocationHelper.java:117)
	... 24 more
]]>
            </full-stacktrace>
          </exception> <!-- java.lang.RuntimeException -->
          <reporter-output>
          </reporter-output>
        </test-method> <!-- testCreateProducts -->
      </class> <!-- com.ds.jshopping.product.CreateProductTest -->
    </test> <!-- Surefire test -->
  </suite> <!-- Surefire suite -->
</testng-results>
